2020-03-21 13:06:46.686 6442-6442/top.kikt.handledeletemedia I/My-Tag: 发生变化 = content://media/external/images/media/1005553
2020-03-21 13:06:46.705 6442-6442/top.kikt.handledeletemedia I/My-Tag: cursor 数量 = 1
2020-03-21 13:06:46.705 6442-6442/top.kikt.handledeletemedia I/My-Tag: instance_id : null
2020-03-21 13:06:46.705 6442-6442/top.kikt.handledeletemedia I/My-Tag: duration : null
2020-03-21 13:06:46.705 6442-6442/top.kikt.handledeletemedia I/My-Tag: description : null
2020-03-21 13:06:46.705 6442-6442/top.kikt.handledeletemedia I/My-Tag: picasa_id : null
2020-03-21 13:06:46.705 6442-6442/top.kikt.handledeletemedia I/My-Tag: latitude : null
2020-03-21 13:06:46.705 6442-6442/top.kikt.handledeletemedia I/My-Tag: orientation : 90
2020-03-21 13:06:46.705 6442-6442/top.kikt.handledeletemedia I/My-Tag: height : 3024
2020-03-21 13:06:46.705 6442-6442/top.kikt.handledeletemedia I/My-Tag: is_drm : null
2020-03-21 13:06:46.705 6442-6442/top.kikt.handledeletemedia I/My-Tag: bucket_display_name : Camera
2020-03-21 13:06:46.705 6442-6442/top.kikt.handledeletemedia I/My-Tag: owner_package_name : null
2020-03-21 13:06:46.705 6442-6442/top.kikt.handledeletemedia I/My-Tag: volume_name : external_primary
2020-03-21 13:06:46.705 6442-6442/top.kikt.handledeletemedia I/My-Tag: date_modified : 1584767196
2020-03-21 13:06:46.705 6442-6442/top.kikt.handledeletemedia I/My-Tag: date_expires : null
2020-03-21 13:06:46.705 6442-6442/top.kikt.handledeletemedia I/My-Tag: _display_name : IMG_20200321_130636.jpg
2020-03-21 13:06:46.705 6442-6442/top.kikt.handledeletemedia I/My-Tag: datetaken : 1584767195506
2020-03-21 13:06:46.705 6442-6442/top.kikt.handledeletemedia I/My-Tag: mime_type : image/jpeg
2020-03-21 13:06:46.705 6442-6442/top.kikt.handledeletemedia I/My-Tag: _id : 1005553
2020-03-21 13:06:46.705 6442-6442/top.kikt.handledeletemedia I/My-Tag: _data : /storage/emulated/0/DCIM/Camera/IMG_20200321_130636.jpg
2020-03-21 13:06:46.705 6442-6442/top.kikt.handledeletemedia I/My-Tag: _hash : null
2020-03-21 13:06:46.706 6442-6442/top.kikt.handledeletemedia I/My-Tag: _size : 5866761
2020-03-21 13:06:46.706 6442-6442/top.kikt.handledeletemedia I/My-Tag: title : IMG_20200321_130636
2020-03-21 13:06:46.706 6442-6442/top.kikt.handledeletemedia I/My-Tag: width : 4032
2020-03-21 13:06:46.706 6442-6442/top.kikt.handledeletemedia I/My-Tag: longitude : null
2020-03-21 13:06:46.706 6442-6442/top.kikt.handledeletemedia I/My-Tag: is_trashed : 0
2020-03-21 13:06:46.706 6442-6442/top.kikt.handledeletemedia I/My-Tag: group_id : -2000882576
2020-03-21 13:06:46.706 6442-6442/top.kikt.handledeletemedia I/My-Tag: document_id : null
2020-03-21 13:06:46.706 6442-6442/top.kikt.handledeletemedia I/My-Tag: is_pending : 0
2020-03-21 13:06:46.706 6442-6442/top.kikt.handledeletemedia I/My-Tag: date_added : 1584767196
2020-03-21 13:06:46.706 6442-6442/top.kikt.handledeletemedia I/My-Tag: mini_thumb_magic : null
2020-03-21 13:06:46.706 6442-6442/top.kikt.handledeletemedia I/My-Tag: primary_directory : DCIM
2020-03-21 13:06:46.706 6442-6442/top.kikt.handledeletemedia I/My-Tag: secondary_directory : Camera
2020-03-21 13:06:46.706 6442-6442/top.kikt.handledeletemedia I/My-Tag: isprivate : null
2020-03-21 13:06:46.706 6442-6442/top.kikt.handledeletemedia I/My-Tag: original_document_id : null
2020-03-21 13:06:46.706 6442-6442/top.kikt.handledeletemedia I/My-Tag: bucket_id : -1739773001
2020-03-21 13:06:46.706 6442-6442/top.kikt.handledeletemedia I/My-Tag: relative_path : DCIM/Camera/