2020-03-22 16:01:17.043 11581-11581/top.kikt.handledeletemedia I/My-Tag: instance_id : null 
    duration : 784 
    orientation : null 
    format : 12297 
    height : null 
    is_drm : 0 
    bucket_display_name : Music 
    owner_package_name : null 
    parent : 902112 
    volume_name : external_primary 
    date_modified : 1579009250 
    date_expires : null 
    _display_name : 50c01294df9d48902639978235bcb56c6ecacc2342c54b61a91bacabae37c58d.mp3 
    datetaken : null 
    mime_type : audio/mpeg 
    _id : 902113 
    _data : /storage/emulated/0/Music/50c01294df9d48902639978235bcb56c6ecacc2342c54b61a91bacabae37c58d.mp3 
    _hash : null 
    _size : 3421 
    title : 50c01294df9d48902639978235bcb56c6ecacc2342c54b61a91bacabae37c58d 
    width : null 
    is_trashed : 0 
    group_id : -300030646 
    document_id : null 
    is_download : 0 
    is_pending : 0 
    date_added : 1579009250 
    primary_directory : Music 
    secondary_directory : null 
    original_document_id : null 
    bucket_id : 82896267 
    media_type : 2 
    relative_path : Music/ 