2020-09-23 13:56:03.749 9627-9689/top.kikt.imagescannerexample D/PhotoManagerPluginLogger: 
id: 540528482
    |--instance_id : null
    |--compilation : null
    |--disc_number : null
    |--duration : null
    |--album_artist : null
    |--resolution : 4032×3024
    |--orientation : 90
    |--artist : null
    |--author : null
    |--format : 14336
    |--height : 3024
    |--is_drm : 0
    |--bucket_display_name : Download
    |--owner_package_name : null
    |--parent : 11
    |--volume_name : external_primary
    |--date_modified : 1592527158
    |--writer : null
    |--date_expires : null
    |--composer : null
    |--_display_name : 73646391-2EFE-420E-9B04-6BE5A974F6FD.heic
    |--datetaken : 1541819329175
    |--mime_type : image/heic
    |--bitrate : null
    |--cd_track_number : null
    |--_id : 42
    |--xmp : blob(0)
    |--year : null
    |--_data : /storage/emulated/0/Download/73646391-2EFE-420E-9B04-6BE5A974F6FD.heic
    |--_size : 1016658
    |--album : null
    |--genre : null
    |--title : 73646391-2EFE-420E-9B04-6BE5A974F6FD
    |--width : 4032
    |--is_favorite : 0
    |--is_trashed : 0
    |--group_id : null
    |--document_id : null
    |--generation_added : 141
    |--is_download : 1
    |--generation_modified : 141
    |--is_pending : 0
    |--date_added : 1600839153
    |--capture_framerate : null
    |--num_tracks : null
    |--original_document_id : null
    |--media_type : 1
2020-09-23 13:56:03.749 9627-9689/top.kikt.imagescannerexample D/PhotoManagerPluginLogger: id: 540528482
    |--instance_id : null
    |--compilation : null
    |--disc_number : null
    |--duration : null
    |--album_artist : null
    |--resolution : 4032×3024
    |--orientation : 90
    |--artist : null
    |--author : null
    |--format : 14336
    |--height : 3024
    |--is_drm : 0
    |--bucket_display_name : Download
    |--owner_package_name : null
    |--parent : 11
    |--volume_name : external_primary
    |--date_modified : 1592527158
    |--writer : null
    |--date_expires : null
    |--composer : null
    |--_display_name : 73646391-2EFE-420E-9B04-6BE5A974F6FD.heic
    |--datetaken : 1541819329175
    |--mime_type : image/heic
    |--bitrate : null
    |--cd_track_number : null
    |--_id : 42
    |--xmp : blob(0)
    |--year : null
    |--_data : /storage/emulated/0/Download/73646391-2EFE-420E-9B04-6BE5A974F6FD.heic
    |--_size : 1016658
    |--album : null
    |--genre : null
    |--title : 73646391-2EFE-420E-9B04-6BE5A974F6FD
    |--width : 4032
    |--is_favorite : 0
    |--is_trashed : 0
    |--group_id : null
    |--document_id : null
    |--generation_added : 141
    |--is_download : 1
    |--generation_modified : 141
    |--is_pending : 0
    |--date_added : 1600839153
    |--capture_framerate : null
    |--num_tracks : null
    |--original_document_id : null
    |--media_type : 1
    |--relative_path : Download/
