2020-03-22 11:21:06.119 6605-6605/top.kikt.handledeletemedia I/My-Tag: _id : 90 
    _data : /storage/emulated/0/Download/Cache_686d564cb2e18183..jpg 
    _size : 16892 
    _display_name : Cache_686d564cb2e18183..jpg 
    mime_type : image/jpeg 
    title : Cache_686d564cb2e18183. 
    date_added : 1584845603 
    date_modified : 1582366646 
    description : null 
    picasa_id : null 
    isprivate : null 
    latitude : null 
    longitude : null 
    datetaken : 1582366646000 
    orientation : 0 
    mini_thumb_magic : null 
    bucket_id : 540528482 
    bucket_display_name : Download 
    width : 100 
    height : 100 
2020-03-22 11:21:06.120 6605-6605/top.kikt.handledeletemedia I/My-Tag: _id : 91 
    _data : /storage/emulated/0/Download/image_picker1.gif 
    _size : 8332182 
    _display_name : image_picker1.gif 
    mime_type : image/gif 
    title : image_picker1 
    date_added : 1584845745 
    date_modified : 1538472913 
    description : null 
    picasa_id : null 
    isprivate : null 
    latitude : null 
    longitude : null 
    datetaken : 1538472913000 
    orientation : null 
    mini_thumb_magic : null 
    bucket_id : 540528482 
    bucket_display_name : Download 
    width : 300 
    height : 590 